<component name="libraryTable">
  <library name="junit-4.12">
    <CLASSES>
      <root url="jar://F:/Program Files/JetBrains/IntelliJ IDEA Community Edition 2017.3.4/lib/junit-4.12.jar!/" />
    </CLASSES>
    <JAVADOC />
    <SOURCES />
  </library>
</component>